#
# There is insufficient memory for the Java Runtime Environment to continue.
# Native memory allocation (malloc) failed to allocate 1996384 bytes for Chunk::new
# Possible reasons:
#   The system is out of physical RAM or swap space
#   The process is running with CompressedOops enabled, and the Java Heap may be blocking the growth of the native heap
# Possible solutions:
#   Reduce memory load on the system
#   Increase physical memory or swap space
#   Check if swap backing store is full
#   Decrease Java heap size (-Xmx/-Xms)
#   Decrease number of Java threads
#   Decrease Java thread stack sizes (-Xss)
#   Set larger code cache with -XX:ReservedCodeCacheSize=
#   JVM is running with Zero Based Compressed Oops mode in which the Java heap is
#     placed in the first 32GB address space. The Java Heap base address is the
#     maximum limit for the native heap growth. Please use -XX:HeapBaseMinAddress
#     to set the Java Heap base and to place the Java Heap above 32GB virtual address.
# This output file may be truncated or incomplete.
#
#  Out of Memory Error (arena.cpp:168), pid=8272, tid=9704
#
# JRE version: OpenJDK Runtime Environment (21.0.2+13) (build 21.0.2+13-58)
# Java VM: OpenJDK 64-Bit Server VM (21.0.2+13-58, mixed mode, sharing, tiered, compressed oops, compressed class ptrs, g1 gc, windows-amd64)
# No core dump will be written. Minidumps are not enabled by default on client versions of Windows
#

---------------  S U M M A R Y ------------

Command Line: -javaagent:D:\Programs\IntelliJ IDEA Community Edition 2023.3.2\lib\idea_rt.jar=64017:D:\Programs\IntelliJ IDEA Community Edition 2023.3.2\bin -Dfile.encoding=UTF-8 -Dsun.stdout.encoding=UTF-8 -Dsun.stderr.encoding=UTF-8 com.example.TaN02.TaN02Application

Host: Intel(R) Core(TM) i7-10510U CPU @ 1.80GHz, 8 cores, 15G,  Windows 11 , 64 bit Build 22621 (10.0.22621.3527)
Time: Thu Jun  6 00:41:15 2024 SE Asia Standard Time elapsed time: 15.007708 seconds (0d 0h 0m 15s)

---------------  T H R E A D  ---------------

Current thread (0x000001ac87535640):  JavaThread "C2 CompilerThread1" daemon [_thread_in_native, id=9704, stack(0x00000014bd700000,0x00000014bd800000) (1024K)]


Current CompileTask:
C2:  15007 6099       4       org.springframework.core.annotation.AnnotationsScanner::process (55 bytes)

Stack: [0x00000014bd700000,0x00000014bd800000]
Native frames: (J=compiled Java code, j=interpreted, Vv=VM code, C=native code)
V  [jvm.dll+0x6cade9]
V  [jvm.dll+0x8569c1]
V  [jvm.dll+0x858d2e]
V  [jvm.dll+0x859413]
V  [jvm.dll+0x280e56]
V  [jvm.dll+0xc3f3d]
V  [jvm.dll+0xc4473]
V  [jvm.dll+0x3b5c2c]
V  [jvm.dll+0x382855]
V  [jvm.dll+0x381cca]
V  [jvm.dll+0x249bd0]
V  [jvm.dll+0x2491b1]
V  [jvm.dll+0x1c9634]
V  [jvm.dll+0x258859]
V  [jvm.dll+0x256e3a]
V  [jvm.dll+0x3ef6c6]
V  [jvm.dll+0x7ff568]
V  [jvm.dll+0x6c953d]
C  [ucrtbase.dll+0x29333]
C  [KERNEL32.DLL+0x1257d]
C  [ntdll.dll+0x5aa48]


---------------  P R O C E S S  ---------------

Threads class SMR info:
_java_thread_list=0x000001ac87c11bb0, length=18, elements={
0x000001ac1f21bb00, 0x000001ac403e4dd0, 0x000001ac403e5bf0, 0x000001ac403e7af0,
0x000001ac403ea7c0, 0x000001ac403eb090, 0x000001ac403f00c0, 0x000001ac403f2e70,
0x000001ac403fbb30, 0x000001ac403af100, 0x000001ac4093a7c0, 0x000001ac4093ae30,
0x000001ac872703f0, 0x000001ac866ec020, 0x000001ac86def730, 0x000001ac8742a4e0,
0x000001ac87ac6610, 0x000001ac87535640
}

Java Threads: ( => current thread )
  0x000001ac1f21bb00 JavaThread "main"                              [_thread_in_native, id=7552, stack(0x00000014bc600000,0x00000014bc700000) (1024K)]
  0x000001ac403e4dd0 JavaThread "Reference Handler"          daemon [_thread_blocked, id=5752, stack(0x00000014bce00000,0x00000014bcf00000) (1024K)]
  0x000001ac403e5bf0 JavaThread "Finalizer"                  daemon [_thread_blocked, id=9532, stack(0x00000014bcf00000,0x00000014bd000000) (1024K)]
  0x000001ac403e7af0 JavaThread "Signal Dispatcher"          daemon [_thread_blocked, id=6608, stack(0x00000014bd000000,0x00000014bd100000) (1024K)]
  0x000001ac403ea7c0 JavaThread "Attach Listener"            daemon [_thread_blocked, id=7048, stack(0x00000014bd100000,0x00000014bd200000) (1024K)]
  0x000001ac403eb090 JavaThread "Service Thread"             daemon [_thread_blocked, id=21616, stack(0x00000014bd200000,0x00000014bd300000) (1024K)]
  0x000001ac403f00c0 JavaThread "Monitor Deflation Thread"   daemon [_thread_blocked, id=11852, stack(0x00000014bd300000,0x00000014bd400000) (1024K)]
  0x000001ac403f2e70 JavaThread "C2 CompilerThread0"         daemon [_thread_in_native, id=20632, stack(0x00000014bd400000,0x00000014bd500000) (1024K)]
  0x000001ac403fbb30 JavaThread "C1 CompilerThread0"         daemon [_thread_blocked, id=13892, stack(0x00000014bd500000,0x00000014bd600000) (1024K)]
  0x000001ac403af100 JavaThread "Common-Cleaner"             daemon [_thread_blocked, id=15376, stack(0x00000014bd600000,0x00000014bd700000) (1024K)]
  0x000001ac4093a7c0 JavaThread "Monitor Ctrl-Break"         daemon [_thread_in_native, id=16464, stack(0x00000014bd800000,0x00000014bd900000) (1024K)]
  0x000001ac4093ae30 JavaThread "Notification Thread"        daemon [_thread_blocked, id=6912, stack(0x00000014bd900000,0x00000014bda00000) (1024K)]
  0x000001ac872703f0 JavaThread "Catalina-utility-1"                [_thread_blocked, id=5824, stack(0x00000014be200000,0x00000014be300000) (1024K)]
  0x000001ac866ec020 JavaThread "Catalina-utility-2"                [_thread_blocked, id=13816, stack(0x00000014be300000,0x00000014be400000) (1024K)]
  0x000001ac86def730 JavaThread "container-0"                       [_thread_blocked, id=2312, stack(0x00000014be400000,0x00000014be500000) (1024K)]
  0x000001ac8742a4e0 JavaThread "mysql-cj-abandoned-connection-cleanup" daemon [_thread_blocked, id=1792, stack(0x00000014be500000,0x00000014be600000) (1024K)]
  0x000001ac87ac6610 JavaThread "HikariPool-1 housekeeper"   daemon [_thread_blocked, id=10424, stack(0x00000014be700000,0x00000014be800000) (1024K)]
=>0x000001ac87535640 JavaThread "C2 CompilerThread1"         daemon [_thread_in_native, id=9704, stack(0x00000014bd700000,0x00000014bd800000) (1024K)]
Total: 18

Other Threads:
  0x000001ac403c64c0 VMThread "VM Thread"                           [id=6280, stack(0x00000014bcd00000,0x00000014bce00000) (1024K)]
  0x000001ac403adca0 WatcherThread "VM Periodic Task Thread"        [id=6088, stack(0x00000014bcc00000,0x00000014bcd00000) (1024K)]
  0x000001ac21347500 WorkerThread "GC Thread#0"                     [id=10652, stack(0x00000014bc700000,0x00000014bc800000) (1024K)]
  0x000001ac862e43a0 WorkerThread "GC Thread#1"                     [id=17720, stack(0x00000014bda00000,0x00000014bdb00000) (1024K)]
  0x000001ac862e4740 WorkerThread "GC Thread#2"                     [id=8420, stack(0x00000014bdb00000,0x00000014bdc00000) (1024K)]
  0x000001ac862e4ae0 WorkerThread "GC Thread#3"                     [id=9464, stack(0x00000014bdc00000,0x00000014bdd00000) (1024K)]
  0x000001ac862e4e80 WorkerThread "GC Thread#4"                     [id=10232, stack(0x00000014bdd00000,0x00000014bde00000) (1024K)]
  0x000001ac867fd180 WorkerThread "GC Thread#5"                     [id=1440, stack(0x00000014bde00000,0x00000014bdf00000) (1024K)]
  0x000001ac868dd0f0 WorkerThread "GC Thread#6"                     [id=20200, stack(0x00000014bdf00000,0x00000014be000000) (1024K)]
  0x000001ac868f2750 WorkerThread "GC Thread#7"                     [id=9572, stack(0x00000014be000000,0x00000014be100000) (1024K)]
  0x000001ac21358420 ConcurrentGCThread "G1 Main Marker"            [id=15028, stack(0x00000014bc800000,0x00000014bc900000) (1024K)]
  0x000001ac213596c0 WorkerThread "G1 Conc#0"                       [id=22236, stack(0x00000014bc900000,0x00000014bca00000) (1024K)]
  0x000001ac869a62a0 WorkerThread "G1 Conc#1"                       [id=21072, stack(0x00000014be100000,0x00000014be200000) (1024K)]
  0x000001ac2139e870 ConcurrentGCThread "G1 Refine#0"               [id=1492, stack(0x00000014bca00000,0x00000014bcb00000) (1024K)]
  0x000001ac402816c0 ConcurrentGCThread "G1 Service"                [id=19920, stack(0x00000014bcb00000,0x00000014bcc00000) (1024K)]
Total: 15

Threads with active compile tasks:
C2 CompilerThread0    15045 6098   !   4       org.springframework.core.annotation.AnnotationsScanner::processMethodHierarchy (276 bytes)
C2 CompilerThread1    15045 6099       4       org.springframework.core.annotation.AnnotationsScanner::process (55 bytes)
Total: 2

VM state: not at safepoint (normal execution)

VM Mutex/Monitor currently owned by a thread: None

Heap address: 0x0000000702600000, size: 4058 MB, Compressed Oops mode: Zero based, Oop shift amount: 3

CDS archive(s) mapped at: [0x000001ac41000000-0x000001ac41c90000-0x000001ac41c90000), size 13172736, SharedBaseAddress: 0x000001ac41000000, ArchiveRelocationMode: 1.
Compressed class space mapped at: 0x000001ac42000000-0x000001ac82000000, reserved size: 1073741824
Narrow klass base: 0x000001ac41000000, Narrow klass shift: 0, Narrow klass range: 0x100000000

GC Precious Log:
 CardTable entry size: 512
 Card Set container configuration: InlinePtr #cards 4 size 8 Array Of Cards #cards 16 size 48 Howl #buckets 8 coarsen threshold 3686 Howl Bitmap #cards 512 size 80 coarsen threshold 460 Card regions per heap region 1 cards per card region 4096
 CPUs: 8 total, 8 available
 Memory: 16231M
 Large Page Support: Disabled
 NUMA Support: Disabled
 Compressed Oops: Enabled (Zero based)
 Heap Region Size: 2M
 Heap Min Capacity: 8M
 Heap Initial Capacity: 254M
 Heap Max Capacity: 4058M
 Pre-touch: Disabled
 Parallel Workers: 8
 Concurrent Workers: 2
 Concurrent Refinement Workers: 8
 Periodic GC: Disabled

Heap:
 garbage-first heap   total 61440K, used 45584K [0x0000000702600000, 0x0000000800000000)
  region size 2048K, 12 young (24576K), 1 survivors (2048K)
 Metaspace       used 63156K, committed 63808K, reserved 1114112K
  class space    used 8447K, committed 8704K, reserved 1048576K

Heap Regions: E=young(eden), S=young(survivor), O=old, HS=humongous(starts), HC=humongous(continues), CS=collection set, F=free, TAMS=top-at-mark-start, PB=parsable bottom
|   0|0x0000000702600000, 0x0000000702800000, 0x0000000702800000|100%| O|  |TAMS 0x0000000702600000| PB 0x0000000702600000| Untracked 
|   1|0x0000000702800000, 0x0000000702a00000, 0x0000000702a00000|100%| O|Cm|TAMS 0x0000000702800000| PB 0x0000000702800000| Complete 
|   2|0x0000000702a00000, 0x0000000702c00000, 0x0000000702c00000|100%| O|  |TAMS 0x0000000702a00000| PB 0x0000000702a00000| Untracked 
|   3|0x0000000702c00000, 0x0000000702e00000, 0x0000000702e00000|100%| O|  |TAMS 0x0000000702c00000| PB 0x0000000702c00000| Untracked 
|   4|0x0000000702e00000, 0x0000000703000000, 0x0000000703000000|100%| O|  |TAMS 0x0000000702e00000| PB 0x0000000702e00000| Untracked 
|   5|0x0000000703000000, 0x0000000703200000, 0x0000000703200000|100%| O|  |TAMS 0x0000000703000000| PB 0x0000000703000000| Untracked 
|   6|0x0000000703200000, 0x0000000703400000, 0x0000000703400000|100%| O|  |TAMS 0x0000000703200000| PB 0x0000000703200000| Untracked 
|   7|0x0000000703400000, 0x0000000703523430, 0x0000000703600000| 56%| O|  |TAMS 0x0000000703400000| PB 0x0000000703400000| Untracked 
|   8|0x0000000703600000, 0x0000000703800000, 0x0000000703800000|100%| O|  |TAMS 0x0000000703600000| PB 0x0000000703600000| Untracked 
|   9|0x0000000703800000, 0x0000000703a00000, 0x0000000703a00000|100%| O|  |TAMS 0x0000000703800000| PB 0x0000000703800000| Untracked 
|  10|0x0000000703a00000, 0x0000000703c00000, 0x0000000703c00000|100%| O|  |TAMS 0x0000000703a00000| PB 0x0000000703a00000| Untracked 
|  11|0x0000000703c00000, 0x0000000703e00000, 0x0000000703e00000|100%| O|  |TAMS 0x0000000703c00000| PB 0x0000000703c00000| Untracked 
|  12|0x0000000703e00000, 0x0000000703e00000, 0x0000000704000000|  0%| F|  |TAMS 0x0000000703e00000| PB 0x0000000703e00000| Untracked 
|  13|0x0000000704000000, 0x0000000704000000, 0x0000000704200000|  0%| F|  |TAMS 0x0000000704000000| PB 0x0000000704000000| Untracked 
|  14|0x0000000704200000, 0x0000000704200000, 0x0000000704400000|  0%| F|  |TAMS 0x0000000704200000| PB 0x0000000704200000| Untracked 
|  15|0x0000000704400000, 0x0000000704400000, 0x0000000704600000|  0%| F|  |TAMS 0x0000000704400000| PB 0x0000000704400000| Untracked 
|  16|0x0000000704600000, 0x0000000704600000, 0x0000000704800000|  0%| F|  |TAMS 0x0000000704600000| PB 0x0000000704600000| Untracked 
|  17|0x0000000704800000, 0x0000000704800000, 0x0000000704a00000|  0%| F|  |TAMS 0x0000000704800000| PB 0x0000000704800000| Untracked 
|  18|0x0000000704a00000, 0x0000000704b114a8, 0x0000000704c00000| 53%| E|  |TAMS 0x0000000704a00000| PB 0x0000000704a00000| Complete 
|  19|0x0000000704c00000, 0x0000000704e00000, 0x0000000704e00000|100%| E|CS|TAMS 0x0000000704c00000| PB 0x0000000704c00000| Complete 
|  20|0x0000000704e00000, 0x0000000705000000, 0x0000000705000000|100%| E|CS|TAMS 0x0000000704e00000| PB 0x0000000704e00000| Complete 
|  21|0x0000000705000000, 0x0000000705200000, 0x0000000705200000|100%| E|CS|TAMS 0x0000000705000000| PB 0x0000000705000000| Complete 
|  22|0x0000000705200000, 0x0000000705400000, 0x0000000705400000|100%| E|CS|TAMS 0x0000000705200000| PB 0x0000000705200000| Complete 
|  23|0x0000000705400000, 0x0000000705600000, 0x0000000705600000|100%| E|CS|TAMS 0x0000000705400000| PB 0x0000000705400000| Complete 
|  24|0x0000000705600000, 0x0000000705800000, 0x0000000705800000|100%| E|CS|TAMS 0x0000000705600000| PB 0x0000000705600000| Complete 
| 101|0x000000070f000000, 0x000000070f200000, 0x000000070f200000|100%| E|CS|TAMS 0x000000070f000000| PB 0x000000070f000000| Complete 
| 102|0x000000070f200000, 0x000000070f360fb0, 0x000000070f400000| 68%| S|CS|TAMS 0x000000070f200000| PB 0x000000070f200000| Complete 
| 103|0x000000070f400000, 0x000000070f600000, 0x000000070f600000|100%| E|CS|TAMS 0x000000070f400000| PB 0x000000070f400000| Complete 
| 104|0x000000070f600000, 0x000000070f800000, 0x000000070f800000|100%| E|CS|TAMS 0x000000070f600000| PB 0x000000070f600000| Complete 
| 126|0x0000000712200000, 0x0000000712400000, 0x0000000712400000|100%| E|CS|TAMS 0x0000000712200000| PB 0x0000000712200000| Complete 

Card table byte_map: [0x000001ac39250000,0x000001ac39a40000] _byte_map_base: 0x000001ac35a3d000

Marking Bits: (CMBitMap*) 0x000001ac21347c00
 Bits: [0x000001ac39a40000, 0x000001ac3d9a8000)

Polling page: 0x000001ac1f1d0000

Metaspace:

Usage:
  Non-class:     53.43 MB used.
      Class:      8.25 MB used.
       Both:     61.69 MB used.

Virtual space:
  Non-class space:       64.00 MB reserved,      53.81 MB ( 84%) committed,  1 nodes.
      Class space:        1.00 GB reserved,       8.50 MB ( <1%) committed,  1 nodes.
             Both:        1.06 GB reserved,      62.31 MB (  6%) committed. 

Chunk freelists:
   Non-Class:  9.54 MB
       Class:  7.51 MB
        Both:  17.05 MB

MaxMetaspaceSize: unlimited
CompressedClassSpaceSize: 1.00 GB
Initial GC threshold: 21.00 MB
Current GC threshold: 98.69 MB
CDS: on
 - commit_granule_bytes: 65536.
 - commit_granule_words: 8192.
 - virtual_space_node_default_size: 8388608.
 - enlarge_chunks_in_place: 1.
 - use_allocation_guard: 0.


Internal statistics:

num_allocs_failed_limit: 9.
num_arena_births: 832.
num_arena_deaths: 0.
num_vsnodes_births: 2.
num_vsnodes_deaths: 0.
num_space_committed: 997.
num_space_uncommitted: 0.
num_chunks_returned_to_freelist: 9.
num_chunks_taken_from_freelist: 2971.
num_chunk_merges: 6.
num_chunk_splits: 2148.
num_chunks_enlarged: 1684.
num_inconsistent_stats: 0.

CodeHeap 'non-profiled nmethods': size=120000Kb used=3182Kb max_used=3343Kb free=116817Kb
 bounds [0x000001ac31200000, 0x000001ac31550000, 0x000001ac38730000]
CodeHeap 'profiled nmethods': size=120000Kb used=10286Kb max_used=10780Kb free=109713Kb
 bounds [0x000001ac29730000, 0x000001ac2a1c0000, 0x000001ac30c60000]
CodeHeap 'non-nmethods': size=5760Kb used=1714Kb max_used=1755Kb free=4045Kb
 bounds [0x000001ac30c60000, 0x000001ac30ed0000, 0x000001ac31200000]
 total_blobs=6262 nmethods=5527 adapters=638
 compilation: enabled
              stopped_count=0, restarted_count=0
 full_count=0

Compilation events (20 events):
Event: 14.921 Thread 0x000001ac403fbb30 6211       3       org.springframework.data.repository.core.support.MethodLookups::lambda$direct$1 (5 bytes)
Event: 14.921 Thread 0x000001ac403fbb30 nmethod 6211 0x000001ac29e8e690 code [0x000001ac29e8e860, 0x000001ac29e8ebe8]
Event: 14.921 Thread 0x000001ac403fbb30 6212       3       org.springframework.data.repository.core.support.MethodLookups$RepositoryAwareMethodLookup::getLookups (12 bytes)
Event: 14.922 Thread 0x000001ac403fbb30 nmethod 6212 0x000001ac298c6910 code [0x000001ac298c6b40, 0x000001ac298c7300]
Event: 14.928 Thread 0x000001ac403fbb30 6214       3       org.springframework.core.annotation.AnnotationUtils::findAnnotation (70 bytes)
Event: 14.929 Thread 0x000001ac403fbb30 nmethod 6214 0x000001ac2984ab10 code [0x000001ac2984aec0, 0x000001ac2984c820]
Event: 14.937 Thread 0x000001ac403fbb30 6216       3       org.springframework.data.repository.core.RepositoryInformationSupport::getMetadata (13 bytes)
Event: 14.937 Thread 0x000001ac403fbb30 nmethod 6216 0x000001ac29d81b90 code [0x000001ac29d81d40, 0x000001ac29d82028]
Event: 14.938 Thread 0x000001ac403fbb30 6217       3       org.springframework.data.repository.core.RepositoryInformationSupport::getRepositoryInterface (10 bytes)
Event: 14.938 Thread 0x000001ac403fbb30 nmethod 6217 0x000001ac29ea3210 code [0x000001ac29ea33e0, 0x000001ac29ea37f0]
Event: 14.966 Thread 0x000001ac403fbb30 6221       3       java.util.stream.MatchOps$MatchOp::<init> (20 bytes)
Event: 14.966 Thread 0x000001ac403fbb30 nmethod 6221 0x000001ac29df8c90 code [0x000001ac29df8e40, 0x000001ac29df90d8]
Event: 14.966 Thread 0x000001ac403fbb30 6222       3       java.util.stream.MatchOps$MatchOp::getOpFlags (8 bytes)
Event: 14.966 Thread 0x000001ac403fbb30 nmethod 6222 0x000001ac29821b90 code [0x000001ac29821d20, 0x000001ac29821e30]
Event: 14.966 Thread 0x000001ac403fbb30 6223       3       java.util.stream.MatchOps$MatchOp::evaluateSequential (7 bytes)
Event: 14.967 Thread 0x000001ac403fbb30 nmethod 6223 0x000001ac29f57a10 code [0x000001ac29f57c00, 0x000001ac29f58270]
Event: 14.967 Thread 0x000001ac403fbb30 6224       3       java.util.stream.MatchOps$BooleanTerminalSink::<init> (21 bytes)
Event: 14.967 Thread 0x000001ac403fbb30 nmethod 6224 0x000001ac29ea2590 code [0x000001ac29ea2740, 0x000001ac29ea2910]
Event: 14.997 Thread 0x000001ac403fbb30 6225       1       org.springframework.util.ConcurrentLruCache$Node::getPrevious (5 bytes)
Event: 14.997 Thread 0x000001ac403fbb30 nmethod 6225 0x000001ac31429590 code [0x000001ac31429720, 0x000001ac314297f0]

GC Heap History (20 events):
Event: 1.873 GC heap before
{Heap before GC invocations=0 (full 0):
 garbage-first heap   total 260096K, used 20480K [0x0000000702600000, 0x0000000800000000)
  region size 2048K, 11 young (22528K), 0 survivors (0K)
 Metaspace       used 6130K, committed 6336K, reserved 1114112K
  class space    used 675K, committed 768K, reserved 1048576K
}
Event: 1.878 GC heap after
{Heap after GC invocations=1 (full 0):
 garbage-first heap   total 260096K, used 7550K [0x0000000702600000, 0x0000000800000000)
  region size 2048K, 2 young (4096K), 2 survivors (4096K)
 Metaspace       used 6130K, committed 6336K, reserved 1114112K
  class space    used 675K, committed 768K, reserved 1048576K
}
Event: 2.744 GC heap before
{Heap before GC invocations=1 (full 0):
 garbage-first heap   total 260096K, used 34174K [0x0000000702600000, 0x0000000800000000)
  region size 2048K, 15 young (30720K), 2 survivors (4096K)
 Metaspace       used 12996K, committed 13312K, reserved 1114112K
  class space    used 1704K, committed 1856K, reserved 1048576K
}
Event: 2.750 GC heap after
{Heap after GC invocations=2 (full 0):
 garbage-first heap   total 260096K, used 9620K [0x0000000702600000, 0x0000000800000000)
  region size 2048K, 2 young (4096K), 2 survivors (4096K)
 Metaspace       used 12996K, committed 13312K, reserved 1114112K
  class space    used 1704K, committed 1856K, reserved 1048576K
}
Event: 4.208 GC heap before
{Heap before GC invocations=2 (full 0):
 garbage-first heap   total 260096K, used 48532K [0x0000000702600000, 0x0000000800000000)
  region size 2048K, 22 young (45056K), 2 survivors (4096K)
 Metaspace       used 21159K, committed 21504K, reserved 1114112K
  class space    used 2631K, committed 2816K, reserved 1048576K
}
Event: 4.214 GC heap after
{Heap after GC invocations=3 (full 0):
 garbage-first heap   total 260096K, used 13620K [0x0000000702600000, 0x0000000800000000)
  region size 2048K, 4 young (8192K), 4 survivors (8192K)
 Metaspace       used 21159K, committed 21504K, reserved 1114112K
  class space    used 2631K, committed 2816K, reserved 1048576K
}
Event: 5.350 GC heap before
{Heap before GC invocations=4 (full 0):
 garbage-first heap   total 61440K, used 42292K [0x0000000702600000, 0x0000000800000000)
  region size 2048K, 18 young (36864K), 4 survivors (8192K)
 Metaspace       used 25409K, committed 25792K, reserved 1114112K
  class space    used 3204K, committed 3392K, reserved 1048576K
}
Event: 5.360 GC heap after
{Heap after GC invocations=5 (full 0):
 garbage-first heap   total 61440K, used 15726K [0x0000000702600000, 0x0000000800000000)
  region size 2048K, 2 young (4096K), 2 survivors (4096K)
 Metaspace       used 25409K, committed 25792K, reserved 1114112K
  class space    used 3204K, committed 3392K, reserved 1048576K
}
Event: 7.304 GC heap before
{Heap before GC invocations=5 (full 0):
 garbage-first heap   total 61440K, used 42350K [0x0000000702600000, 0x0000000800000000)
  region size 2048K, 15 young (30720K), 2 survivors (4096K)
 Metaspace       used 31200K, committed 31744K, reserved 1114112K
  class space    used 3977K, committed 4224K, reserved 1048576K
}
Event: 7.313 GC heap after
{Heap after GC invocations=6 (full 0):
 garbage-first heap   total 61440K, used 18674K [0x0000000702600000, 0x0000000800000000)
  region size 2048K, 2 young (4096K), 2 survivors (4096K)
 Metaspace       used 31200K, committed 31744K, reserved 1114112K
  class space    used 3977K, committed 4224K, reserved 1048576K
}
Event: 7.901 GC heap before
{Heap before GC invocations=6 (full 0):
 garbage-first heap   total 61440K, used 33010K [0x0000000702600000, 0x0000000800000000)
  region size 2048K, 10 young (20480K), 2 survivors (4096K)
 Metaspace       used 35462K, committed 35968K, reserved 1114112K
  class space    used 4486K, committed 4736K, reserved 1048576K
}
Event: 7.907 GC heap after
{Heap after GC invocations=7 (full 0):
 garbage-first heap   total 61440K, used 20480K [0x0000000702600000, 0x0000000800000000)
  region size 2048K, 1 young (2048K), 1 survivors (2048K)
 Metaspace       used 35462K, committed 35968K, reserved 1114112K
  class space    used 4486K, committed 4736K, reserved 1048576K
}
Event: 9.763 GC heap before
{Heap before GC invocations=8 (full 0):
 garbage-first heap   total 61440K, used 49152K [0x0000000702600000, 0x0000000800000000)
  region size 2048K, 15 young (30720K), 1 survivors (2048K)
 Metaspace       used 45425K, committed 45952K, reserved 1114112K
  class space    used 5839K, committed 6080K, reserved 1048576K
}
Event: 9.767 GC heap after
{Heap after GC invocations=9 (full 0):
 garbage-first heap   total 61440K, used 22595K [0x0000000702600000, 0x0000000800000000)
  region size 2048K, 2 young (4096K), 2 survivors (4096K)
 Metaspace       used 45425K, committed 45952K, reserved 1114112K
  class space    used 5839K, committed 6080K, reserved 1048576K
}
Event: 11.181 GC heap before
{Heap before GC invocations=9 (full 0):
 garbage-first heap   total 61440K, used 47171K [0x0000000702600000, 0x0000000800000000)
  region size 2048K, 15 young (30720K), 2 survivors (4096K)
 Metaspace       used 52437K, committed 52992K, reserved 1114112K
  class space    used 6709K, committed 6976K, reserved 1048576K
}
Event: 11.190 GC heap after
{Heap after GC invocations=10 (full 0):
 garbage-first heap   total 61440K, used 23864K [0x0000000702600000, 0x0000000800000000)
  region size 2048K, 1 young (2048K), 1 survivors (2048K)
 Metaspace       used 52437K, committed 52992K, reserved 1114112K
  class space    used 6709K, committed 6976K, reserved 1048576K
}
Event: 13.978 GC heap before
{Heap before GC invocations=10 (full 0):
 garbage-first heap   total 61440K, used 50488K [0x0000000702600000, 0x0000000800000000)
  region size 2048K, 14 young (28672K), 1 survivors (2048K)
 Metaspace       used 58445K, committed 59008K, reserved 1114112K
  class space    used 7765K, committed 8064K, reserved 1048576K
}
Event: 13.980 GC heap after
{Heap after GC invocations=11 (full 0):
 garbage-first heap   total 61440K, used 24676K [0x0000000702600000, 0x0000000800000000)
  region size 2048K, 2 young (4096K), 2 survivors (4096K)
 Metaspace       used 58445K, committed 59008K, reserved 1114112K
  class space    used 7765K, committed 8064K, reserved 1048576K
}
Event: 14.101 GC heap before
{Heap before GC invocations=11 (full 0):
 garbage-first heap   total 61440K, used 28772K [0x0000000702600000, 0x0000000800000000)
  region size 2048K, 5 young (10240K), 2 survivors (4096K)
 Metaspace       used 59863K, committed 60480K, reserved 1114112K
  class space    used 7966K, committed 8256K, reserved 1048576K
}
Event: 14.104 GC heap after
{Heap after GC invocations=12 (full 0):
 garbage-first heap   total 61440K, used 25104K [0x0000000702600000, 0x0000000800000000)
  region size 2048K, 1 young (2048K), 1 survivors (2048K)
 Metaspace       used 59863K, committed 60480K, reserved 1114112K
  class space    used 7966K, committed 8256K, reserved 1048576K
}

Dll operation events (14 events):
Event: 0.013 Loaded shared library C:\Users\Admin\.jdks\openjdk-21.0.2\bin\java.dll
Event: 0.317 Loaded shared library C:\Users\Admin\.jdks\openjdk-21.0.2\bin\jsvml.dll
Event: 0.459 Loaded shared library C:\Users\Admin\.jdks\openjdk-21.0.2\bin\zip.dll
Event: 0.489 Loaded shared library C:\Users\Admin\.jdks\openjdk-21.0.2\bin\instrument.dll
Event: 0.500 Loaded shared library C:\Users\Admin\.jdks\openjdk-21.0.2\bin\net.dll
Event: 0.502 Loaded shared library C:\Users\Admin\.jdks\openjdk-21.0.2\bin\nio.dll
Event: 0.511 Loaded shared library C:\Users\Admin\.jdks\openjdk-21.0.2\bin\zip.dll
Event: 1.019 Loaded shared library D:\Programs\IntelliJ IDEA Community Edition 2023.3.2\bin\breakgen64.dll
Event: 1.030 Loaded shared library C:\Users\Admin\.jdks\openjdk-21.0.2\bin\extnet.dll
Event: 1.088 Loaded shared library C:\Users\Admin\.jdks\openjdk-21.0.2\bin\jimage.dll
Event: 3.554 Loaded shared library C:\Users\Admin\.jdks\openjdk-21.0.2\bin\sunmscapi.dll
Event: 7.152 Loaded shared library C:\Users\Admin\.jdks\openjdk-21.0.2\bin\management.dll
Event: 7.154 Loaded shared library C:\Users\Admin\.jdks\openjdk-21.0.2\bin\management_ext.dll
Event: 9.193 Loaded shared library C:\Users\Admin\.jdks\openjdk-21.0.2\bin\verify.dll

Deoptimization events (20 events):
Event: 14.790 Thread 0x000001ac1f21bb00 Uncommon trap: trap_request=0xffffffde fr.pc=0x000001ac3135d94c relative=0x000000000000058c
Event: 14.790 Thread 0x000001ac1f21bb00 Uncommon trap: reason=class_check action=maybe_recompile pc=0x000001ac3135d94c method=org.springframework.util.ConcurrentReferenceHashMap$Segment.findInChain(Lorg/springframework/util/ConcurrentReferenceHashMap$Reference;Ljava/lang/Object;I)Lorg/springfra
Event: 14.790 Thread 0x000001ac1f21bb00 DEOPT PACKING pc=0x000001ac3135d94c sp=0x00000014bc6fc850
Event: 14.790 Thread 0x000001ac1f21bb00 DEOPT UNPACKING pc=0x000001ac30cb46a2 sp=0x00000014bc6fc630 mode 2
Event: 14.792 Thread 0x000001ac1f21bb00 Uncommon trap: trap_request=0xffffffde fr.pc=0x000001ac313e4c90 relative=0x00000000000005b0
Event: 14.792 Thread 0x000001ac1f21bb00 Uncommon trap: reason=class_check action=maybe_recompile pc=0x000001ac313e4c90 method=org.springframework.util.ConcurrentReferenceHashMap$Segment.findInChain(Lorg/springframework/util/ConcurrentReferenceHashMap$Reference;Ljava/lang/Object;I)Lorg/springfra
Event: 14.792 Thread 0x000001ac1f21bb00 DEOPT PACKING pc=0x000001ac313e4c90 sp=0x00000014bc6fc7f0
Event: 14.792 Thread 0x000001ac1f21bb00 DEOPT UNPACKING pc=0x000001ac30cb46a2 sp=0x00000014bc6fc628 mode 2
Event: 14.792 Thread 0x000001ac1f21bb00 Uncommon trap: trap_request=0xffffffde fr.pc=0x000001ac313ee4a0 relative=0x0000000000000540
Event: 14.792 Thread 0x000001ac1f21bb00 Uncommon trap: reason=class_check action=maybe_recompile pc=0x000001ac313ee4a0 method=org.springframework.util.ConcurrentReferenceHashMap$Segment.findInChain(Lorg/springframework/util/ConcurrentReferenceHashMap$Reference;Ljava/lang/Object;I)Lorg/springfra
Event: 14.792 Thread 0x000001ac1f21bb00 DEOPT PACKING pc=0x000001ac313ee4a0 sp=0x00000014bc6fc770
Event: 14.792 Thread 0x000001ac1f21bb00 DEOPT UNPACKING pc=0x000001ac30cb46a2 sp=0x00000014bc6fc628 mode 2
Event: 14.800 Thread 0x000001ac1f21bb00 Uncommon trap: trap_request=0xffffffde fr.pc=0x000001ac313ef4e8 relative=0x0000000000000428
Event: 14.800 Thread 0x000001ac1f21bb00 Uncommon trap: reason=class_check action=maybe_recompile pc=0x000001ac313ef4e8 method=org.springframework.util.ConcurrentReferenceHashMap$Segment.findInChain(Lorg/springframework/util/ConcurrentReferenceHashMap$Reference;Ljava/lang/Object;I)Lorg/springfra
Event: 14.800 Thread 0x000001ac1f21bb00 DEOPT PACKING pc=0x000001ac313ef4e8 sp=0x00000014bc6fc300
Event: 14.800 Thread 0x000001ac1f21bb00 DEOPT UNPACKING pc=0x000001ac30cb46a2 sp=0x00000014bc6fc218 mode 2
Event: 14.800 Thread 0x000001ac1f21bb00 Uncommon trap: trap_request=0xffffffde fr.pc=0x000001ac313e4154 relative=0x0000000000000214
Event: 14.800 Thread 0x000001ac1f21bb00 Uncommon trap: reason=class_check action=maybe_recompile pc=0x000001ac313e4154 method=org.springframework.util.ConcurrentReferenceHashMap$Segment.findInChain(Lorg/springframework/util/ConcurrentReferenceHashMap$Reference;Ljava/lang/Object;I)Lorg/springfra
Event: 14.800 Thread 0x000001ac1f21bb00 DEOPT PACKING pc=0x000001ac313e4154 sp=0x00000014bc6fc250
Event: 14.800 Thread 0x000001ac1f21bb00 DEOPT UNPACKING pc=0x000001ac30cb46a2 sp=0x00000014bc6fc218 mode 2

Classes loaded (20 events):
Event: 14.547 Loading class java/util/concurrent/ConcurrentHashMap$TreeNode
Event: 14.548 Loading class java/util/concurrent/ConcurrentHashMap$TreeNode done
Event: 14.548 Loading class java/util/concurrent/ConcurrentHashMap$TreeBin
Event: 14.549 Loading class java/util/concurrent/ConcurrentHashMap$TreeBin done
Event: 14.795 Loading class java/util/WeakHashMap$KeyIterator
Event: 14.796 Loading class java/util/WeakHashMap$HashIterator
Event: 14.796 Loading class java/util/WeakHashMap$HashIterator done
Event: 14.796 Loading class java/util/WeakHashMap$KeyIterator done
Event: 14.796 Loading class java/util/WeakHashMap$EntrySet
Event: 14.797 Loading class java/util/WeakHashMap$EntrySet done
Event: 14.797 Loading class java/util/WeakHashMap$EntryIterator
Event: 14.797 Loading class java/util/WeakHashMap$EntryIterator done
Event: 14.891 Loading class java/lang/Package$1PackageInfoProxy
Event: 14.891 Loading class java/lang/Package$1PackageInfoProxy done
Event: 14.995 Loading class java/util/stream/ReduceOps$5
Event: 14.996 Loading class java/util/stream/ReduceOps$5 done
Event: 14.996 Loading class java/util/stream/ReduceOps$CountingSink$OfRef
Event: 14.996 Loading class java/util/stream/ReduceOps$CountingSink
Event: 14.996 Loading class java/util/stream/ReduceOps$CountingSink done
Event: 14.996 Loading class java/util/stream/ReduceOps$CountingSink$OfRef done

Classes unloaded (0 events):
No events

Classes redefined (0 events):
No events

Internal exceptions (20 events):
Event: 13.983 Thread 0x000001ac1f21bb00 Exception <a 'java/lang/NoSuchMethodError'{0x00000007122134e8}: 'void java.lang.invoke.DirectMethodHandle$Holder.invokeSpecial(java.lang.Object, java.lang.Object, java.lang.Object, java.lang.Object, java.lang.Object, java.lang.Object, java.lang.Object, java.lang.Object)'> (0x00000007122134e8) 
thrown [s\open\src\hotspot\share\interpreter\linkResolver.cpp, line 773]
Event: 13.990 Thread 0x000001ac1f21bb00 Exception <a 'java/lang/NoSuchMethodError'{0x000000071224e208}: 'java.lang.Object java.lang.invoke.DirectMethodHandle$Holder.newInvokeSpecial(java.lang.Object, java.lang.Object, int)'> (0x000000071224e208) 
thrown [s\open\src\hotspot\share\interpreter\linkResolver.cpp, line 773]
Event: 14.013 Thread 0x000001ac1f21bb00 Exception <a 'java/lang/NoSuchMethodError'{0x00000007123879c0}: 'int java.lang.invoke.DirectMethodHandle$Holder.invokeStatic(java.lang.Object, int, java.lang.Object)'> (0x00000007123879c0) 
thrown [s\open\src\hotspot\share\interpreter\linkResolver.cpp, line 773]
Event: 14.015 Thread 0x000001ac1f21bb00 Exception <a 'java/lang/NoSuchMethodError'{0x00000007123a3968}: 'java.lang.Object java.lang.invoke.DirectMethodHandle$Holder.newInvokeSpecial(java.lang.Object, java.lang.Object, java.lang.Object, java.lang.Object, java.lang.Object, int, java.lang.Object)'> (0x00000007123a3968) 
thrown [s\open\src\hotspot\share\interpreter\linkResolver.cpp, line 773]
Event: 14.019 Thread 0x000001ac1f21bb00 Exception <a 'java/lang/NoSuchMethodError'{0x00000007123d3190}: 'java.lang.Object java.lang.invoke.DirectMethodHandle$Holder.newInvokeSpecial(java.lang.Object, java.lang.Object, java.lang.Object, java.lang.Object, java.lang.Object, java.lang.Object, java.lang.Object, java.lang.Object, java.lang.Object, java.lang.Object, java.lang.Object, java.lang.Object)'> (0x00000007123d3190) 
thrown [s\open\src\hotspot\share\interpreter\linkResolver.cpp, line 773]
Event: 14.020 Thread 0x000001ac1f21bb00 Exception <a 'java/lang/NoSuchMethodError'{0x00000007123d7a28}: 'java.lang.Object java.lang.invoke.DirectMethodHandle$Holder.invokeSpecial(java.lang.Object, java.lang.Object, java.lang.Object, java.lang.Object, java.lang.Object, java.lang.Object, java.lang.Object, java.lang.Object, java.lang.Object, java.lang.Object, java.lang.Object, java.lang.Object, java.lang.Object)'> (0x00000007123d7a28) 
thrown [s\open\src\hotspot\share\interpreter\linkResolver.cpp, line 773]
Event: 14.020 Thread 0x000001ac1f21bb00 Exception <a 'java/lang/NoSuchMethodError'{0x00000007123dbf00}: 'java.lang.Object java.lang.invoke.Invokers$Holder.linkToTargetMethod(java.lang.Object, java.lang.Object, java.lang.Object, java.lang.Object, java.lang.Object, java.lang.Object, java.lang.Object, java.lang.Object, java.lang.Object, java.lang.Object, java.lang.Object, java.lang.Object)'> (0x00000007123dbf00) 
thrown [s\open\src\hotspot\share\interpreter\linkResolver.cpp, line 773]
Event: 14.033 Thread 0x000001ac1f21bb00 Exception <a 'java/lang/IncompatibleClassChangeError'{0x000000070f6658f8}: Found class java.lang.Object, but interface was expected> (0x000000070f6658f8) 
thrown [s\open\src\hotspot\share\interpreter\linkResolver.cpp, line 840]
Event: 14.075 Thread 0x000001ac1f21bb00 Exception <a 'java/lang/NoSuchMethodError'{0x000000070f7d9908}: 'java.lang.Object java.lang.invoke.DirectMethodHandle$Holder.newInvokeSpecial(java.lang.Object, java.lang.Object, int, java.lang.Object, int, java.lang.Object, java.lang.Object)'> (0x000000070f7d9908) 
thrown [s\open\src\hotspot\share\interpreter\linkResolver.cpp, line 773]
Event: 14.090 Thread 0x000001ac1f21bb00 Exception <a 'java/lang/NoSuchMethodError'{0x000000070f4539c8}: 'java.lang.Object java.lang.invoke.DirectMethodHandle$Holder.newInvokeSpecial(java.lang.Object, java.lang.Object, java.lang.Object, java.lang.Object, java.lang.Object, java.lang.Object, java.lang.Object, int)'> (0x000000070f4539c8) 
thrown [s\open\src\hotspot\share\interpreter\linkResolver.cpp, line 773]
Event: 14.090 Thread 0x000001ac1f21bb00 Exception <a 'java/lang/NoSuchMethodError'{0x000000070f457f28}: 'java.lang.Object java.lang.invoke.DirectMethodHandle$Holder.invokeSpecial(java.lang.Object, java.lang.Object, java.lang.Object, java.lang.Object, java.lang.Object, java.lang.Object, java.lang.Object, java.lang.Object, int)'> (0x000000070f457f28) 
thrown [s\open\src\hotspot\share\interpreter\linkResolver.cpp, line 773]
Event: 14.090 Thread 0x000001ac1f21bb00 Exception <a 'java/lang/NoSuchMethodError'{0x000000070f45bf40}: 'java.lang.Object java.lang.invoke.Invokers$Holder.linkToTargetMethod(java.lang.Object, java.lang.Object, java.lang.Object, java.lang.Object, java.lang.Object, java.lang.Object, int, java.lang.Object)'> (0x000000070f45bf40) 
thrown [s\open\src\hotspot\share\interpreter\linkResolver.cpp, line 773]
Event: 14.145 Thread 0x000001ac1f21bb00 Exception <a 'java/lang/NoSuchMethodError'{0x000000071227c8a8}: 'void java.lang.invoke.DirectMethodHandle$Holder.invokeInterface(java.lang.Object, java.lang.Object)'> (0x000000071227c8a8) 
thrown [s\open\src\hotspot\share\interpreter\linkResolver.cpp, line 773]
Event: 14.372 Thread 0x000001ac1f21bb00 Exception <a 'java/lang/NoSuchMethodError'{0x000000070f6f5580}: 'void java.lang.invoke.Invokers$Holder.invokeExact_MT(java.lang.Object, java.lang.Object, java.lang.Object, java.lang.Object)'> (0x000000070f6f5580) 
thrown [s\open\src\hotspot\share\interpreter\linkResolver.cpp, line 773]
Event: 14.443 Thread 0x000001ac1f21bb00 Implicit null exception at 0x000001ac3123fa97 to 0x000001ac3123fd18
Event: 14.504 Thread 0x000001ac1f21bb00 Implicit null exception at 0x000001ac31512802 to 0x000001ac31512b4c
Event: 14.549 Thread 0x000001ac1f21bb00 Exception <a 'java/lang/IncompatibleClassChangeError'{0x000000070f14f3c0}: Found class java.lang.Object, but interface was expected> (0x000000070f14f3c0) 
thrown [s\open\src\hotspot\share\interpreter\linkResolver.cpp, line 840]
Event: 14.564 Thread 0x000001ac1f21bb00 Exception <a 'java/lang/IncompatibleClassChangeError'{0x000000070f1cfe78}: Found class java.lang.Object, but interface was expected> (0x000000070f1cfe78) 
thrown [s\open\src\hotspot\share\interpreter\linkResolver.cpp, line 840]
Event: 14.624 Thread 0x000001ac1f21bb00 Exception <a 'java/lang/IncompatibleClassChangeError'{0x000000070571c308}: Found class java.lang.Object, but interface was expected> (0x000000070571c308) 
thrown [s\open\src\hotspot\share\interpreter\linkResolver.cpp, line 840]
Event: 14.886 Thread 0x000001ac1f21bb00 Exception <a 'java/lang/IncompatibleClassChangeError'{0x00000007051253a8}: Found class java.lang.Object, but interface was expected> (0x00000007051253a8) 
thrown [s\open\src\hotspot\share\interpreter\linkResolver.cpp, line 840]

ZGC Phase Switch (0 events):
No events

VM Operations (20 events):
Event: 13.869 Executing VM operation: ICBufferFull
Event: 13.869 Executing VM operation: ICBufferFull done
Event: 13.978 Executing VM operation: G1CollectForAllocation (G1 Evacuation Pause)
Event: 13.980 Executing VM operation: G1CollectForAllocation (G1 Evacuation Pause) done
Event: 14.101 Executing VM operation: CollectForMetadataAllocation (Metadata GC Threshold)
Event: 14.104 Executing VM operation: CollectForMetadataAllocation (Metadata GC Threshold) done
Event: 14.108 Executing VM operation: HandshakeAllThreads (Deoptimize)
Event: 14.108 Executing VM operation: HandshakeAllThreads (Deoptimize) done
Event: 14.134 Executing VM operation: G1PauseRemark
Event: 14.139 Executing VM operation: G1PauseRemark done
Event: 14.153 Executing VM operation: G1PauseCleanup
Event: 14.153 Executing VM operation: G1PauseCleanup done
Event: 14.778 Executing VM operation: HandshakeAllThreads (Deoptimize)
Event: 14.778 Executing VM operation: HandshakeAllThreads (Deoptimize) done
Event: 14.910 Executing VM operation: ICBufferFull
Event: 14.910 Executing VM operation: ICBufferFull done
Event: 14.969 Executing VM operation: HandshakeAllThreads (Deoptimize)
Event: 14.969 Executing VM operation: HandshakeAllThreads (Deoptimize) done
Event: 14.970 Executing VM operation: HandshakeAllThreads (Deoptimize)
Event: 14.970 Executing VM operation: HandshakeAllThreads (Deoptimize) done

Events (20 events):
Event: 14.138 Thread 0x000001ac403c64c0 flushing nmethod 0x000001ac31306a90
Event: 14.138 Thread 0x000001ac403c64c0 flushing nmethod 0x000001ac3135a810
Event: 14.138 Thread 0x000001ac403c64c0 flushing nmethod 0x000001ac3131b090
Event: 14.138 Thread 0x000001ac403c64c0 flushing nmethod 0x000001ac3131a110
Event: 14.138 Thread 0x000001ac403c64c0 flushing nmethod 0x000001ac3131bb10
Event: 14.138 Thread 0x000001ac403c64c0 flushing nmethod 0x000001ac312f4c90
Event: 14.138 Thread 0x000001ac403c64c0 flushing nmethod 0x000001ac312c6f90
Event: 14.138 Thread 0x000001ac403c64c0 flushing nmethod 0x000001ac312dc890
Event: 14.138 Thread 0x000001ac403c64c0 flushing nmethod 0x000001ac312c6810
Event: 14.138 Thread 0x000001ac403c64c0 flushing nmethod 0x000001ac312a3d90
Event: 14.138 Thread 0x000001ac403c64c0 flushing nmethod 0x000001ac312a2810
Event: 14.138 Thread 0x000001ac403c64c0 flushing nmethod 0x000001ac3129ba10
Event: 14.138 Thread 0x000001ac403c64c0 flushing nmethod 0x000001ac31272790
Event: 14.138 Thread 0x000001ac403c64c0 flushing nmethod 0x000001ac31274090
Event: 14.138 Thread 0x000001ac403c64c0 flushing nmethod 0x000001ac31261c10
Event: 14.138 Thread 0x000001ac403c64c0 flushing nmethod 0x000001ac3125db10
Event: 14.138 Thread 0x000001ac403c64c0 flushing nmethod 0x000001ac3123c490
Event: 14.138 Thread 0x000001ac403c64c0 flushing nmethod 0x000001ac31258e90
Event: 14.138 Thread 0x000001ac403c64c0 flushing nmethod 0x000001ac31210410
Event: 14.444 Thread 0x000001ac87535640 Thread added: 0x000001ac87535640


Dynamic libraries:
0x00007ff794350000 - 0x00007ff79435e000 	C:\Users\Admin\.jdks\openjdk-21.0.2\bin\java.exe
0x00007ffac58b0000 - 0x00007ffac5ac7000 	C:\Windows\SYSTEM32\ntdll.dll
0x00007ffac3d50000 - 0x00007ffac3e14000 	C:\Windows\System32\KERNEL32.DLL
0x00007ffac3110000 - 0x00007ffac34b7000 	C:\Windows\System32\KERNELBASE.dll
0x00007ffac2e20000 - 0x00007ffac2f31000 	C:\Windows\System32\ucrtbase.dll
0x00007ffa9e0d0000 - 0x00007ffa9e0e8000 	C:\Users\Admin\.jdks\openjdk-21.0.2\bin\jli.dll
0x00007ffa9e0b0000 - 0x00007ffa9e0cb000 	C:\Users\Admin\.jdks\openjdk-21.0.2\bin\VCRUNTIME140.dll
0x00007ffac4dc0000 - 0x00007ffac4f6e000 	C:\Windows\System32\USER32.dll
0x00007ffac2df0000 - 0x00007ffac2e16000 	C:\Windows\System32\win32u.dll
0x00007ffaa5b20000 - 0x00007ffaa5db3000 	C:\Windows\WinSxS\amd64_microsoft.windows.common-controls_6595b64144ccf1df_6.0.22621.3527_none_270e469b73872a76\COMCTL32.dll
0x00007ffac3880000 - 0x00007ffac38a9000 	C:\Windows\System32\GDI32.dll
0x00007ffac3ca0000 - 0x00007ffac3d47000 	C:\Windows\System32\msvcrt.dll
0x00007ffac34c0000 - 0x00007ffac35d9000 	C:\Windows\System32\gdi32full.dll
0x00007ffac2fb0000 - 0x00007ffac304a000 	C:\Windows\System32\msvcp_win.dll
0x00007ffac3b80000 - 0x00007ffac3bb1000 	C:\Windows\System32\IMM32.DLL
0x00007ffabbbb0000 - 0x00007ffabbbbc000 	C:\Users\Admin\.jdks\openjdk-21.0.2\bin\vcruntime140_1.dll
0x00007ffa67940000 - 0x00007ffa679ce000 	C:\Users\Admin\.jdks\openjdk-21.0.2\bin\msvcp140.dll
0x00007ffa1fec0000 - 0x00007ffa20bd7000 	C:\Users\Admin\.jdks\openjdk-21.0.2\bin\server\jvm.dll
0x00007ffac57b0000 - 0x00007ffac5862000 	C:\Windows\System32\ADVAPI32.dll
0x00007ffac3bf0000 - 0x00007ffac3c98000 	C:\Windows\System32\sechost.dll
0x00007ffac2d40000 - 0x00007ffac2d68000 	C:\Windows\System32\bcrypt.dll
0x00007ffac5690000 - 0x00007ffac57a5000 	C:\Windows\System32\RPCRT4.dll
0x00007ffac5610000 - 0x00007ffac5681000 	C:\Windows\System32\WS2_32.dll
0x00007ffac1a20000 - 0x00007ffac1a6d000 	C:\Windows\SYSTEM32\POWRPROF.dll
0x00007ffaba750000 - 0x00007ffaba784000 	C:\Windows\SYSTEM32\WINMM.dll
0x00007ffaba590000 - 0x00007ffaba59a000 	C:\Windows\SYSTEM32\VERSION.dll
0x00007ffac1a00000 - 0x00007ffac1a13000 	C:\Windows\SYSTEM32\UMPDC.dll
0x00007ffac1cb0000 - 0x00007ffac1cc8000 	C:\Windows\SYSTEM32\kernel.appcore.dll
0x00007ffab1a90000 - 0x00007ffab1a9a000 	C:\Users\Admin\.jdks\openjdk-21.0.2\bin\jimage.dll
0x00007ffac0400000 - 0x00007ffac0632000 	C:\Windows\SYSTEM32\DBGHELP.DLL
0x00007ffac4880000 - 0x00007ffac4c08000 	C:\Windows\System32\combase.dll
0x00007ffac4680000 - 0x00007ffac4757000 	C:\Windows\System32\OLEAUT32.dll
0x00007ffaaf650000 - 0x00007ffaaf682000 	C:\Windows\SYSTEM32\dbgcore.DLL
0x00007ffac2d70000 - 0x00007ffac2de9000 	C:\Windows\System32\bcryptPrimitives.dll
0x00007ffa98f90000 - 0x00007ffa98f9f000 	C:\Users\Admin\.jdks\openjdk-21.0.2\bin\instrument.dll
0x00007ffa9e090000 - 0x00007ffa9e0af000 	C:\Users\Admin\.jdks\openjdk-21.0.2\bin\java.dll
0x00007ffac3e20000 - 0x00007ffac467c000 	C:\Windows\System32\SHELL32.dll
0x00007ffac0ad0000 - 0x00007ffac13c6000 	C:\Windows\SYSTEM32\windows.storage.dll
0x00007ffac0990000 - 0x00007ffac0ace000 	C:\Windows\SYSTEM32\wintypes.dll
0x00007ffac4780000 - 0x00007ffac4875000 	C:\Windows\System32\SHCORE.dll
0x00007ffac5500000 - 0x00007ffac555e000 	C:\Windows\System32\shlwapi.dll
0x00007ffac2b00000 - 0x00007ffac2b21000 	C:\Windows\SYSTEM32\profapi.dll
0x00007ffa67700000 - 0x00007ffa677d7000 	C:\Users\Admin\.jdks\openjdk-21.0.2\bin\jsvml.dll
0x00007ffa99da0000 - 0x00007ffa99db8000 	C:\Users\Admin\.jdks\openjdk-21.0.2\bin\zip.dll
0x00007ffa9eb50000 - 0x00007ffa9eb60000 	C:\Users\Admin\.jdks\openjdk-21.0.2\bin\net.dll
0x00007ffabba70000 - 0x00007ffabbba6000 	C:\Windows\SYSTEM32\WINHTTP.dll
0x00007ffac2150000 - 0x00007ffac21b9000 	C:\Windows\system32\mswsock.dll
0x00007ffa9e070000 - 0x00007ffa9e086000 	C:\Users\Admin\.jdks\openjdk-21.0.2\bin\nio.dll
0x00007ffa93ac0000 - 0x00007ffa93ada000 	D:\Programs\IntelliJ IDEA Community Edition 2023.3.2\bin\breakgen64.dll
0x00007ffa9be70000 - 0x00007ffa9be79000 	C:\Users\Admin\.jdks\openjdk-21.0.2\bin\extnet.dll
0x00007ffa93ae0000 - 0x00007ffa93aee000 	C:\Users\Admin\.jdks\openjdk-21.0.2\bin\sunmscapi.dll
0x00007ffac2bd0000 - 0x00007ffac2d38000 	C:\Windows\System32\CRYPT32.dll
0x00007ffac2570000 - 0x00007ffac259e000 	C:\Windows\SYSTEM32\ncrypt.dll
0x00007ffac2530000 - 0x00007ffac2567000 	C:\Windows\SYSTEM32\NTASN1.dll
0x00007ffac23b0000 - 0x00007ffac23cb000 	C:\Windows\SYSTEM32\CRYPTSP.dll
0x00007ffac1c10000 - 0x00007ffac1c45000 	C:\Windows\system32\rsaenh.dll
0x00007ffac2250000 - 0x00007ffac2278000 	C:\Windows\SYSTEM32\USERENV.dll
0x00007ffac23d0000 - 0x00007ffac23dc000 	C:\Windows\SYSTEM32\CRYPTBASE.dll
0x00007ffac16e0000 - 0x00007ffac170d000 	C:\Windows\SYSTEM32\IPHLPAPI.DLL
0x00007ffac3a70000 - 0x00007ffac3a79000 	C:\Windows\System32\NSI.dll
0x00007ffa98f80000 - 0x00007ffa98f8a000 	C:\Users\Admin\.jdks\openjdk-21.0.2\bin\management.dll
0x00007ffa93af0000 - 0x00007ffa93afb000 	C:\Users\Admin\.jdks\openjdk-21.0.2\bin\management_ext.dll
0x00007ffac3be0000 - 0x00007ffac3be8000 	C:\Windows\System32\PSAPI.DLL
0x00007ffac1710000 - 0x00007ffac1808000 	C:\Windows\SYSTEM32\DNSAPI.dll
0x00007ffab97d0000 - 0x00007ffab97da000 	C:\Windows\System32\rasadhlp.dll
0x00007ffab96a0000 - 0x00007ffab9723000 	C:\Windows\System32\fwpuclnt.dll
0x00007ffa98fd0000 - 0x00007ffa98fe0000 	C:\Users\Admin\.jdks\openjdk-21.0.2\bin\verify.dll

dbghelp: loaded successfully - version: 4.0.5 - missing functions: none
symbol engine: initialized successfully - sym options: 0x614 - pdb path: .;C:\Users\Admin\.jdks\openjdk-21.0.2\bin;C:\Windows\SYSTEM32;C:\Windows\WinSxS\amd64_microsoft.windows.common-controls_6595b64144ccf1df_6.0.22621.3527_none_270e469b73872a76;C:\Users\Admin\.jdks\openjdk-21.0.2\bin\server;D:\Programs\IntelliJ IDEA Community Edition 2023.3.2\bin

VM Arguments:
jvm_args: -javaagent:D:\Programs\IntelliJ IDEA Community Edition 2023.3.2\lib\idea_rt.jar=64017:D:\Programs\IntelliJ IDEA Community Edition 2023.3.2\bin -Dfile.encoding=UTF-8 -Dsun.stdout.encoding=UTF-8 -Dsun.stderr.encoding=UTF-8 
java_command: com.example.TaN02.TaN02Application
java_class_path (initial): D:\Spring_boot\TaN02\target\classes;C:\Users\Admin\.m2\repository\org\springframework\boot\spring-boot-starter-data-jpa\3.2.3\spring-boot-starter-data-jpa-3.2.3.jar;C:\Users\Admin\.m2\repository\org\springframework\boot\spring-boot-starter-aop\3.2.3\spring-boot-starter-aop-3.2.3.jar;C:\Users\Admin\.m2\repository\org\springframework\spring-aop\6.1.4\spring-aop-6.1.4.jar;C:\Users\Admin\.m2\repository\org\aspectj\aspectjweaver\1.9.21\aspectjweaver-1.9.21.jar;C:\Users\Admin\.m2\repository\org\springframework\boot\spring-boot-starter-jdbc\3.2.3\spring-boot-starter-jdbc-3.2.3.jar;C:\Users\Admin\.m2\repository\com\zaxxer\HikariCP\5.0.1\HikariCP-5.0.1.jar;C:\Users\Admin\.m2\repository\org\springframework\spring-jdbc\6.1.4\spring-jdbc-6.1.4.jar;C:\Users\Admin\.m2\repository\org\hibernate\orm\hibernate-core\6.4.4.Final\hibernate-core-6.4.4.Final.jar;C:\Users\Admin\.m2\repository\jakarta\persistence\jakarta.persistence-api\3.1.0\jakarta.persistence-api-3.1.0.jar;C:\Users\Admin\.m2\repository\jakarta\transaction\jakarta.transaction-api\2.0.1\jakarta.transaction-api-2.0.1.jar;C:\Users\Admin\.m2\repository\org\jboss\logging\jboss-logging\3.5.3.Final\jboss-logging-3.5.3.Final.jar;C:\Users\Admin\.m2\repository\org\hibernate\common\hibernate-commons-annotations\6.0.6.Final\hibernate-commons-annotations-6.0.6.Final.jar;C:\Users\Admin\.m2\repository\io\smallrye\jandex\3.1.2\jandex-3.1.2.jar;C:\Users\Admin\.m2\repository\com\fasterxml\classmate\1.6.0\classmate-1.6.0.jar;C:\Users\Admin\.m2\repository\net\bytebuddy\byte-buddy\1.14.12\byte-buddy-1.14.12.jar;C:\Users\Admin\.m2\repository\org\glassfish\jaxb\jaxb-runtime\4.0.4\jaxb-runtime-4.0.4.jar;C:\Users\Admin\.m2\repository\org\glassfish\jaxb\jaxb-core\4.0.4\jaxb-core-4.0.4.jar;C:\Users\Admin\.m2\repository\org\eclipse\angus\angus-activation\2.0.1\angus-activation-2.0.1.jar;C:\Users\Admin\.m2\repository\org\glassfish\jaxb\txw2\4.0.4\txw2-4.0.4.jar;C:\Users\Admin\.m2\repository\com\sun\istack\istack-commons-runtime\4.1.2\istack-commons-runtime-4.1.2.jar;C:\Users\Admin\.m2\repository\jakarta\inject\jakarta.inject-api\2.0.1\jakarta.inject-api-2.0.1.jar;C:\Users\Admin\.m2\repository\org\antlr\antlr4-runtime\4.13.0\antlr4-runtime-4.13.0.jar;C:\Users\Admin\.m2\repository\org\springframework\data\spring-data-jpa\3.2.3\spring-data-jpa-3.2.3.jar;C:\Users\Admin\.m2\repository\org\springframework\data\spring-data-commons\3.2.3\spring-data-commons-3.2.3.jar;C:\Users\Admin\.m2\repository\org\springframework\spring-orm\6.1.4\spring-orm-6.1.4.jar;C:\Users\Admin\.m2\repository\org\springframework\spring-context\6.1.4\spring-context-6.1.4.jar;C:\Users\Admin\.m2\repository\org\springframework\spring-tx\6.1.4\spring-tx-6.1.4.jar;C:\Users\Admin\.m2\repository\org\springframework\spring-beans\6.1.4\spring-beans-6.1.4.jar;C:\Users\Admin\.m2\repository\jakarta\annotation\jakarta.annotation-api\2.1.1\jakarta.annotation-api-2.1.1.jar;C:\Users\Admin\.m2\repository\org\slf4j\slf4j-api\2.0.12\slf4j-api-2.0.12.jar;C:\Users\Admin\.m2\repository\org\springframework\spring-aspects\6.1.4\spring-aspects-6.1.4.jar;C:\Users\Admin\.m2\repository\org\springframework\boot\spring-boot-starter-validation\3.2.3\spring-boot-starter-validation-3.2.3.jar;C:\Users\Admin\.m2\repository\org\springframework\boot\spring-boot-starter\3.2.3\spring-boot-starter-3.2.3.jar;C:\Users\Admin\.m2\repository\org\springframework\boot\spring-boot\3.2.3\spring-boot-3.2.3.jar;C:\Users\Admin\.m2\repository\org\springframework\boot\spring-boot-autoconfigure\3.2.3\spring-boot-autoconfigure-3.2.3.jar;C:\Users\Admin\.m2\repository\org\springframework\boot\spring-boot-starter-logging\3.2.3\spring-boot-starter-logging-3.2.3.jar;C:\Users\Admin\.m2\repository\ch\qos\logback\logback-classic\1.4.14\logback-classic-1.4.14.jar;C:\Users\Admin\.m2\repository\ch\qos\logback\logback-core\1.4.14\logback-core-1.4.14.jar;C:\Users\Admin\.m2\repository\org\apache\logging\log4j\log4j-to-slf4j\2.21.1\log4j-to-slf4j-2.21.1.jar;C:\Users\Admin\.m2\repository\org\apache\logging\log4j\log4j-api\2.21.1\log4j-api-2.21.1.jar;C:\Users\Admin\.m2\repository\org\slf4j\jul-to-slf4j\2.0.12\jul-to-slf4j-2.0.12.jar;C:\Users\Admin\.m2\repository\org\yaml\snakeyaml\2.2\snakeyaml-2.2.jar;C:\Users\Admin\.m2\repository\org\apache\tomcat\embed\tomcat-embed-el\10.1.19\tomcat-embed-el-10.1.19.jar;C:\Users\Admin\.m2\repository\org\hibernate\validator\hibernate-validator\8.0.1.Final\hibernate-validator-8.0.1.Final.jar;C:\Users\Admin\.m2\repository\jakarta\validation\jakarta.validation-api\3.0.2\jakarta.validation-api-3.0.2.jar;C:\Users\Admin\.m2\repository\org\springframework\boot\spring-boot-starter-thymeleaf\3.2.3\spring-boot-starter-thymeleaf-3.2.3.jar;C:\Users\Admin\.m2\repository\org\thymeleaf\thymeleaf-spring6\3.1.2.RELEASE\thymeleaf-spring6-3.1.2.RELEASE.jar;C:\Users\Admin\.m2\repository\org\thymeleaf\thymeleaf\3.1.2.RELEASE\thymeleaf-3.1.2.RELEASE.jar;C:\Users\Admin\.m2\repository\org\attoparser\attoparser\2.0.7.RELEASE\attoparser-2.0.7.RELEASE.jar;C:\Users\Admin\.m2\repository\org\unbescape\unbescape\1.1.6.RELEASE\unbescape-1.1.6.RELEASE.jar;C:\Users\Admin\.m2\repository\org\springframework\boot\spring-boot-starter-web\3.2.3\spring-boot-starter-web-3.2.3.jar;C:\Users\Admin\.m2\repository\org\springframework\boot\spring-boot-starter-json\3.2.3\spring-boot-starter-json-3.2.3.jar;C:\Users\Admin\.m2\repository\com\fasterxml\jackson\core\jackson-databind\2.15.4\jackson-databind-2.15.4.jar;C:\Users\Admin\.m2\repository\com\fasterxml\jackson\core\jackson-annotations\2.15.4\jackson-annotations-2.15.4.jar;C:\Users\Admin\.m2\repository\com\fasterxml\jackson\core\jackson-core\2.15.4\jackson-core-2.15.4.jar;C:\Users\Admin\.m2\repository\com\fasterxml\jackson\datatype\jackson-datatype-jdk8\2.15.4\jackson-datatype-jdk8-2.15.4.jar;C:\Users\Admin\.m2\repository\com\fasterxml\jackson\datatype\jackson-datatype-jsr310\2.15.4\jackson-datatype-jsr310-2.15.4.jar;C:\Users\Admin\.m2\repository\com\fasterxml\jackson\module\jackson-module-parameter-names\2.15.4\jackson-module-parameter-names-2.15.4.jar;C:\Users\Admin\.m2\repository\org\springframework\boot\spring-boot-starter-tomcat\3.2.3\spring-boot-starter-tomcat-3.2.3.jar;C:\Users\Admin\.m2\repository\org\apache\tomcat\embed\tomcat-embed-core\10.1.19\tomcat-embed-core-10.1.19.jar;C:\Users\Admin\.m2\repository\org\apache\tomcat\embed\tomcat-embed-websocket\10.1.19\tomcat-embed-websocket-10.1.19.jar;C:\Users\Admin\.m2\repository\org\springframework\spring-web\6.1.4\spring-web-6.1.4.jar;C:\Users\Admin\.m2\repository\io\micrometer\micrometer-observation\1.12.3\micrometer-observation-1.12.3.jar;C:\Users\Admin\.m2\repository\io\micrometer\micrometer-commons\1.12.3\micrometer-commons-1.12.3.jar;C:\Users\Admin\.m2\repository\org\springframework\spring-webmvc\6.1.4\spring-webmvc-6.1.4.jar;C:\Users\Admin\.m2\repository\org\springframework\spring-expression\6.1.4\spring-expression-6.1.4.jar;C:\Users\Admin\.m2\repository\com\mysql\mysql-connector-j\8.3.0\mysql-connector-j-8.3.0.jar;C:\Users\Admin\.m2\repository\org\projectlombok\lombok\1.18.30\lombok-1.18.30.jar;C:\Users\Admin\.m2\repository\jakarta\xml\bind\jakarta.xml.bind-api\4.0.1\jakarta.xml.bind-api-4.0.1.jar;C:\Users\Admin\.m2\repository\jakarta\activation\jakarta.activation-api\2.1.2\jakarta.activation-api-2.1.2.jar;C:\Users\Admin\.m2\repository\org\springframework\spring-core\6.1.4\spring-core-6.1.4.jar;C:\Users\Admin\.m2\repository\org\springframework\spring-jcl\6.1.4\spring-jcl-6.1.4.jar
Launcher Type: SUN_STANDARD

[Global flags]
     intx CICompilerCount                          = 4                                         {product} {ergonomic}
     uint ConcGCThreads                            = 2                                         {product} {ergonomic}
     uint G1ConcRefinementThreads                  = 8                                         {product} {ergonomic}
   size_t G1HeapRegionSize                         = 2097152                                   {product} {ergonomic}
    uintx GCDrainStackTargetSize                   = 64                                        {product} {ergonomic}
   size_t InitialHeapSize                          = 266338304                                 {product} {ergonomic}
   size_t MarkStackSize                            = 4194304                                   {product} {ergonomic}
   size_t MaxHeapSize                              = 4255121408                                {product} {ergonomic}
   size_t MaxNewSize                               = 2552233984                                {product} {ergonomic}
   size_t MinHeapDeltaBytes                        = 2097152                                   {product} {ergonomic}
   size_t MinHeapSize                              = 8388608                                   {product} {ergonomic}
    uintx NonNMethodCodeHeapSize                   = 5839372                                {pd product} {ergonomic}
    uintx NonProfiledCodeHeapSize                  = 122909434                              {pd product} {ergonomic}
    uintx ProfiledCodeHeapSize                     = 122909434                              {pd product} {ergonomic}
    uintx ReservedCodeCacheSize                    = 251658240                              {pd product} {ergonomic}
     bool SegmentedCodeCache                       = true                                      {product} {ergonomic}
   size_t SoftMaxHeapSize                          = 4255121408                             {manageable} {ergonomic}
     bool UseCompressedOops                        = true                           {product lp64_product} {ergonomic}
     bool UseG1GC                                  = true                                      {product} {ergonomic}
     bool UseLargePagesIndividualAllocation        = false                                  {pd product} {ergonomic}

Logging:
Log output configuration:
 #0: stdout all=warning uptime,level,tags foldmultilines=false
 #1: stderr all=off uptime,level,tags foldmultilines=false

Environment Variables:
JAVA_HOME=C:\Program Files\Java\openjdk-21.0.2
PATH=C:\Program Files\Common Files\Oracle\Java\javapath;C:\Program Files (x86)\Common Files\Oracle\Java\javapath;C:\Windows\system32;C:\Windows;C:\Windows\System32\Wbem;C:\Windows\System32\WindowsPowerShell\v1.0\;C:\Windows\System32\OpenSSH\;C:\Program Files (x86)\Microsoft SQL Server\160\Tools\Binn\;C:\Program Files\Microsoft SQL Server\160\Tools\Binn\;C:\Program Files\Microsoft SQL Server\Client SDK\ODBC\170\Tools\Binn\;C:\Program Files\Microsoft SQL Server\160\DTS\Binn\;C:\Program Files\Azure Data Studio\bin;C:\Program Files (x86)\Microsoft SQL Server\160\DTS\Binn\;D:\Programs\CLI\nodejs\;C:\Program Files\Git\cmd;C:\Users\Admin\.jdks\openjdk-21.0.1\bin;C:\Program Files\MySQL\MySQL Server 8.0\bin;C:\Program Files\Docker\Docker\resources\bin;C:\Program Files\MySQL\MySQL Shell 8.0\bin\;C:\Users\Admin\AppData\Local\Microsoft\WindowsApps;C:\Program Files\Azure Data Studio\bin;D:\Programs\Microsoft VS Code\bin;C:\Users\Admin\AppData\Roaming\npm;D:\Programs\IntelliJ IDEA Community Edition 2023.3.2\bin;;
USERNAME=Admin
OS=Windows_NT
PROCESSOR_IDENTIFIER=Intel64 Family 6 Model 142 Stepping 12, GenuineIntel
TMP=C:\Users\Admin\AppData\Local\Temp
TEMP=C:\Users\Admin\AppData\Local\Temp




Periodic native trim disabled

---------------  S Y S T E M  ---------------

OS:
 Windows 11 , 64 bit Build 22621 (10.0.22621.3527)
OS uptime: 9 days 3:48 hours
Hyper-V role detected

CPU: total 8 (initial active 8) (4 cores per cpu, 2 threads per core) family 6 model 142 stepping 12 microcode 0xf8, cx8, cmov, fxsr, ht, mmx, 3dnowpref, sse, sse2, sse3, ssse3, sse4.1, sse4.2, popcnt, lzcnt, tsc, tscinvbit, avx, avx2, aes, erms, clmul, bmi1, bmi2, adx, fma, vzeroupper, clflush, clflushopt, hv, rdtscp, f16c
Processor Information for all 8 processors :
  Max Mhz: 2304, Current Mhz: 1803, Mhz Limit: 1797

Memory: 4k page, system-wide physical 16231M (354M free)
TotalPageFile size 50820M (AvailPageFile size 24M)
current process WorkingSet (physical memory assigned to process): 251M, peak: 251M
current process commit charge ("private bytes"): 291M, peak: 394M

vm_info: OpenJDK 64-Bit Server VM (21.0.2+13-58) for windows-amd64 JRE (21.0.2+13-58), built on 2024-01-05T18:32:24Z by "mach5one" with MS VC++ 17.1 (VS2022)

END.
